<?xml version="1.0" encoding="UTF-8"?>
<testsuite xmlns:xsi="http://www.w3.org/2001/XMLSchema-instance" xsi:noNamespaceSchemaLocation="https://maven.apache.org/surefire/maven-surefire-plugin/xsd/surefire-test-report-3.0.xsd" version="3.0" name="tcd3.game2048.GameImplTests" time="1.184" tests="15" errors="0" skipped="0" failures="0">
  <properties>
[...]
</properties>
  <testcase name="givenFourNotEqualTiles_shouldNotCreateMerges" classname="tcd3.game2048.GameImplTests" time="1.1">
    <system-err><![CDATA[WARNING: A Java agent has been loaded dynamically (C:\Users\julia\.m2\repository\net\bytebuddy\byte-buddy-agent\1.14.15\byte-buddy-agent-1.14.15.jar)
WARNING: If a serviceability tool is in use, please run with -XX:+EnableDynamicAgentLoading to hide this warning
WARNING: If a serviceability tool is not in use, please run with -Djdk.instrument.traceUsage for more information
WARNING: Dynamic loading of agents will be disallowed by default in a future release
]]></system-err>
  </testcase>
  <testcase name="moveLeft_givenTwoEqualTiles_shouldMerge" classname="tcd3.game2048.GameImplTests" time="0.001"/>
  <testcase name="newGame_shouldInitializeWithTwoTiles" classname="tcd3.game2048.GameImplTests" time="0.001"/>
  <testcase name="moveRight_givenSingleTile_shouldMoveToRight" classname="tcd3.game2048.GameImplTests" time="0.001"/>
  <testcase name="moveLeft_givenFourEqualTiles_shouldCreateTwoMerges" classname="tcd3.game2048.GameImplTests" time="0.0"/>
  <testcase name="moveRight_givenTwoEqualTilesAtEnd_shouldMerge" classname="tcd3.game2048.GameImplTests" time="0.002"/>
  <testcase name="moveDown_givenTwoEqualTiles_shouldMerge" classname="tcd3.game2048.GameImplTests" time="0.001"/>
  <testcase name="moveRight_givenThreeTiles_shouldMergeRight" classname="tcd3.game2048.GameImplTests" time="0.001"/>
  <testcase name="moveDown_givenOneTileAtTop_shouldMoveDown" classname="tcd3.game2048.GameImplTests" time="0.001"/>
  <testcase name="moveUp_givenOneTileAtBottom_shouldGoToTop" classname="tcd3.game2048.GameImplTests" time="0.0"/>
  <testcase name="moveRight_givenTwoPairs_shouldMergeBothPairs" classname="tcd3.game2048.GameImplTests" time="0.001"/>
  <testcase name="moveRight_givenTwoAndFour_shouldMergeAndShiftCorrectly" classname="tcd3.game2048.GameImplTests" time="0.001"/>
  <testcase name="moveRight_givenOneTile_shouldAddNewTile" classname="tcd3.game2048.GameImplTests" time="0.001"/>
  <testcase name="newGame_shouldStartWithZeroScoreAndMoves" classname="tcd3.game2048.GameImplTests" time="0.001"/>
  <testcase name="moveUp_givenTwoEqualTilesAtBottom_shouldMergeToTop" classname="tcd3.game2048.GameImplTests" time="0.001"/>
</testsuite>